<?xml version="1.0" encoding="UTF-8"?>
<Site BuildName="(empty)"
	BuildStamp="20250112-1112-Experimental"
	Name="A-Ubuntu"
	Generator="ctest-3.22.1"
	CompilerName="/usr/bin/c++"
	CompilerVersion="11.4.0"
	OSName="Linux"
	Hostname="A-Ubuntu"
	OSRelease="6.8.0-51-generic"
	OSVersion="#52~22.04.1-Ubuntu SMP PREEMPT_DYNAMIC Mon Dec  9 15:00:52 UTC 2"
	OSPlatform="x86_64"
	Is64Bits="1"
	VendorString="GenuineIntel"
	VendorID="Intel Corporation"
	FamilyID="6"
	ModelID="154"
	ProcessorCacheSize="18432"
	NumberOfLogicalCPU="16"
	NumberOfPhysicalCPU="12"
	TotalVirtualMemory="14304"
	TotalPhysicalMemory="15611"
	LogicalProcessorsPerPhysical="1"
	ProcessorClockFrequency="612.092"
	>
	<Testing>
		<StartDateTime>Jan 12 17:14 IST</StartDateTime>
		<StartTestTime>1736682243</StartTestTime>
		<TestList/>
		<EndDateTime>Jan 12 17:14 IST</EndDateTime>
		<EndTestTime>1736682243</EndTestTime>
		<ElapsedMinutes>0</ElapsedMinutes>
	</Testing>
</Site>
